Flutter crash report.
Please report a bug at https://github.com/flutter/flutter/issues.

## command

flutter pub add liquid_glass_easy

## exception

PathExistsException: PathExistsException: Cannot create link, path = '/Users/sam/Desktop/actra/ios/Flutter/ephemeral/Packages/.packages/flutter_refresh_rate_control' (OS Error: File exists, errno = 17)

```
#0      _Link.throwIfError (dart:io/link.dart:358:7)
#1      _Link.createSync (dart:io/link.dart:276:5)
#2      ForwardingLink.createSync (package:file/src/forwarding/forwarding_link.dart:20:16)
#3      ForwardingLink.createSync (package:file/src/forwarding/forwarding_link.dart:20:16)
#4      SwiftPackageManager._dependenciesForPlugins (package:flutter_tools/src/macos/swift_package_manager.dart:117:21)
#5      SwiftPackageManager.generatePluginsSwiftPackage (package:flutter_tools/src/macos/swift_package_manager.dart:51:9)
#6      DarwinDependencyManagement.setUp (package:flutter_tools/src/macos/darwin_dependency_management.dart:64:34)
#7      injectPlugins (package:flutter_tools/src/flutter_plugins.dart:1317:42)
<asynchronous suspension>
#8      FlutterProject.ensureReadyForPlatformSpecificTooling (package:flutter_tools/src/project.dart:388:5)
<asynchronous suspension>
#9      PackagesGetCommand.runCommand (package:flutter_tools/src/commands/packages.dart:395:9)
<asynchronous suspension>
#10     FlutterCommand.run.<anonymous closure> (package:flutter_tools/src/runner/flutter_command.dart:1559:27)
<asynchronous suspension>
#11     AppContext.run.<anonymous closure> (package:flutter_tools/src/base/context.dart:154:19)
<asynchronous suspension>
#12     CommandRunner.runCommand (package:args/command_runner.dart:212:13)
<asynchronous suspension>
#13     FlutterCommandRunner.runCommand.<anonymous closure> (package:flutter_tools/src/runner/flutter_command_runner.dart:487:9)
<asynchronous suspension>
#14     AppContext.run.<anonymous closure> (package:flutter_tools/src/base/context.dart:154:19)
<asynchronous suspension>
#15     FlutterCommandRunner.runCommand (package:flutter_tools/src/runner/flutter_command_runner.dart:422:5)
<asynchronous suspension>
#16     run.<anonymous closure>.<anonymous closure> (package:flutter_tools/runner.dart:101:11)
<asynchronous suspension>
#17     AppContext.run.<anonymous closure> (package:flutter_tools/src/base/context.dart:154:19)
<asynchronous suspension>
#18     main (package:flutter_tools/executable.dart:103:3)
<asynchronous suspension>
```

## flutter doctor

```
[32m[✓][39m Flutter (Channel stable, 3.38.1, on macOS 26.1 25B78 darwin-arm64, locale en-IN) [1,106ms]
    [32m•[39m Flutter version 3.38.1 on channel stable at /Applications/development/flutter
    [32m•[39m Upstream repository https://github.com/flutter/flutter.git
    [32m•[39m Framework revision b45fa18946 (5 months ago), 2025-11-12 22:09:06 -0600
    [32m•[39m Engine revision b5990e5ccc
    [32m•[39m Dart version 3.10.0
    [32m•[39m DevTools version 2.51.1
    [32m•[39m Feature flags: enable-web, enable-linux-desktop, enable-macos-desktop, enable-windows-desktop, enable-android, enable-ios, cli-animations, enable-native-assets,
      enable-swift-package-manager, omit-legacy-version-file, enable-lldb-debugging

[33m[!][39m Android toolchain - develop for Android devices (Android SDK version 34.0.0) [13.8s]
    [32m•[39m Android SDK at /Users/sam/Library/Android/sdk
    [32m•[39m Emulator version 36.5.10.0 (build_id 15081367) (CL:N/A)
    [31m✗[39m cmdline-tools component is missing.
      Try installing or updating Android Studio.
      Alternatively, download the tools from https://developer.android.com/studio#command-line-tools-only and make sure to set the ANDROID_HOME environment variable.
      See https://developer.android.com/studio/command-line for more details.
    [31m✗[39m Android license status unknown.
      Run `flutter doctor --android-licenses` to accept the SDK licenses.
      See https://flutter.dev/to/macos-android-setup for more details.

[32m[✓][39m Xcode - develop for iOS and macOS (Xcode 26.0.1) [4.8s]
    [32m•[39m Xcode at /Applications/Xcode.app/Contents/Developer
    [32m•[39m Build 17A400
    [32m•[39m CocoaPods version 1.16.2

[32m[✓][39m Chrome - develop for the web [8ms]
    [32m•[39m Chrome at /Applications/Google Chrome.app/Contents/MacOS/Google Chrome

[32m[✓][39m Connected device (3 available) [7.0s]
    [32m•[39m Sam’s iPhone (mobile) • 00008130-001455EE2298001C • ios            • iOS 26.3.1 23D771330a
    [32m•[39m macOS (desktop)       • macos                     • darwin-arm64   • macOS 26.1 25B78 darwin-arm64
    [32m•[39m Chrome (web)          • chrome                    • web-javascript • Google Chrome 146.0.7680.178

[32m[✓][39m Network resources [233ms]
    [32m•[39m All expected network resources are available.

[33m![39m Doctor found issues in 1 category.
```
